<?xml version="1.0" encoding="UTF-8"?>
<!-- Generated by org.testng.reporters.JUnitXMLReporter -->
<testsuite hostname="Sagorika" failures="0" tests="2" name="Default test" time="19.627" errors="0" timestamp="18 Jun 2023 02:46:21 GMT">
  <testcase classname="unitech.unitechConsulting.testCases.Home_Page_TC_001" name="TC_001_click_header_home_button" time="1.031"/>
  <testcase classname="unitech.unitechConsulting.testCases.Home_Page_TC_001" name="TC_002_software_development_dropdown_click" time="8.566"/>
</testsuite> <!-- Default test -->
