<?xml version="1.0" encoding="UTF-8"?>
<testng-results total="2" passed="2" failed="0" skipped="0">
  <reporter-output>
  </reporter-output>
  <suite started-at="2023-06-18T02:46:01Z" name="Default suite" finished-at="2023-06-18T02:46:21Z" duration-ms="19627">
    <groups>
    </groups>
    <test started-at="2023-06-18T02:46:01Z" name="Default test" finished-at="2023-06-18T02:46:21Z" duration-ms="19627">
      <class name="unitech.unitechConsulting.testCases.Home_Page_TC_001">
        <test-method is-config="true" signature="setUp()[pri:0, instance:unitech.unitechConsulting.testCases.Home_Page_TC_001@66982506]" started-at="2023-06-18T08:46:01Z" name="setUp" finished-at="2023-06-18T08:46:11Z" duration-ms="10004" status="PASS">
          <reporter-output>
          </reporter-output>
        </test-method> <!-- setUp -->
        <test-method signature="TC_001_click_header_home_button()[pri:0, instance:unitech.unitechConsulting.testCases.Home_Page_TC_001@66982506]" started-at="2023-06-18T08:46:11Z" name="TC_001_click_header_home_button" finished-at="2023-06-18T08:46:12Z" duration-ms="1031" status="PASS">
          <reporter-output>
          </reporter-output>
        </test-method> <!-- TC_001_click_header_home_button -->
        <test-method signature="TC_002_software_development_dropdown_click()[pri:0, instance:unitech.unitechConsulting.testCases.Home_Page_TC_001@66982506]" started-at="2023-06-18T08:46:12Z" name="TC_002_software_development_dropdown_click" finished-at="2023-06-18T08:46:21Z" duration-ms="8566" status="PASS">
          <reporter-output>
          </reporter-output>
        </test-method> <!-- TC_002_software_development_dropdown_click -->
        <test-method is-config="true" signature="tearDown()[pri:0, instance:unitech.unitechConsulting.testCases.Home_Page_TC_001@66982506]" started-at="2023-06-18T08:46:21Z" name="tearDown" finished-at="2023-06-18T08:46:21Z" duration-ms="0" status="PASS">
          <reporter-output>
          </reporter-output>
        </test-method> <!-- tearDown -->
      </class> <!-- unitech.unitechConsulting.testCases.Home_Page_TC_001 -->
    </test> <!-- Default test -->
  </suite> <!-- Default suite -->
</testng-results>
